<component name="libraryTable">
  <library name="junit-4.10">
    <CLASSES>
      <root url="jar://$PROJECT_DIR$/../kyupi/lib/junit-4.10.jar!/" />
      <root url="jar://$PROJECT_DIR$/../kyupi/lib/log4j-1.2.17.jar!/" />
    </CLASSES>
    <JAVADOC />
    <SOURCES />
  </library>
</component>